2025-06-26 23:01:12,209 - src.app.API_main - DEBUG - FastAPI app initialized
2025-06-26 23:01:12,216 - src.app.API_main - DEBUG - Mounting '/output' static file directory for CSV access
2025-06-26 23:01:12,218 - src.app.API_main - INFO - API server initialized and ready to receive requests.
2025-06-26 23:01:57,663 - azure.identity._credentials.environment - INFO - No environment configuration found.
2025-06-26 23:01:57,702 - azure.identity._credentials.managed_identity - INFO - ManagedIdentityCredential will use IMDS
2025-06-26 23:02:03,789 - azure.core.pipeline.policies.http_logging_policy - INFO - Request URL: 'http://169.254.169.254/metadata/identity/oauth2/token?api-version=REDACTED&resource=REDACTED'
Request method: 'GET'
Request headers:
    'User-Agent': 'azsdk-python-identity/1.23.0 Python/3.10.16 (Windows-10-10.0.26100-SP0)'
No body was attached to the request
2025-06-26 23:02:13,951 - azure.identity._credentials.chained - INFO - DefaultAzureCredential acquired a token from AzureCliCredential
2025-06-26 23:02:13,952 - azure.core.pipeline.policies.http_logging_policy - INFO - Request URL: 'https://management.azure.com/subscriptions/0a94de80-6d3b-49f2-b3e9-ec5818862801/resourceGroups/buas-y2/providers/Microsoft.MachineLearningServices/workspaces/NLP7-2025/models/Emotion-classification/versions?api-version=REDACTED&listViewType=REDACTED'
Request method: 'GET'
Request headers:
    'Accept': 'application/json'
    'x-ms-client-request-id': 'cf963048-52d0-11f0-831b-7c214a408d59'
    'User-Agent': 'azure-ai-ml/1.27.1 azsdk-python-mgmt-machinelearningservices/0.1.0 Python/3.10.16 (Windows-10-10.0.26100-SP0)'
    'Authorization': 'REDACTED'
No body was attached to the request
2025-06-26 23:02:14,486 - azure.core.pipeline.policies.http_logging_policy - INFO - Response status: 200
Response headers:
    'Cache-Control': 'no-cache'
    'Pragma': 'no-cache'
    'Content-Length': '3927'
    'Content-Type': 'application/json; charset=utf-8'
    'Expires': '-1'
    'Vary': 'REDACTED'
    'x-ms-ratelimit-remaining-subscription-reads': '249'
    'x-ms-operation-identifier': 'REDACTED'
    'Request-Context': 'REDACTED'
    'x-ms-response-type': 'REDACTED'
    'Strict-Transport-Security': 'REDACTED'
    'X-Content-Type-Options': 'REDACTED'
    'azureml-served-by-cluster': 'REDACTED'
    'x-request-time': 'REDACTED'
    'x-ms-ratelimit-remaining-subscription-global-reads': 'REDACTED'
    'x-ms-request-id': '2b8df528-cc49-4271-a449-bdd66998dd54'
    'x-ms-correlation-request-id': 'REDACTED'
    'x-ms-routing-request-id': 'REDACTED'
    'X-Cache': 'REDACTED'
    'X-MSEdge-Ref': 'Ref A: 2F43C4E663654DD49E1A9CF24EA0B28B Ref B: AMS231020512049 Ref C: 2025-06-26T21:02:18Z'
    'Date': 'Thu, 26 Jun 2025 21:02:18 GMT'
2025-06-26 23:02:16,539 - azure.identity._internal.decorators - INFO - AzureCliCredential.get_token_info succeeded
2025-06-26 23:02:16,540 - azure.identity._credentials.default - INFO - DefaultAzureCredential acquired a token from AzureCliCredential
2025-06-26 23:02:16,540 - azure.core.pipeline.policies.http_logging_policy - INFO - Request URL: 'https://management.azure.com/subscriptions/0a94de80-6d3b-49f2-b3e9-ec5818862801/resourceGroups/buas-y2/providers/Microsoft.MachineLearningServices/workspaces/NLP7-2025/environments/nlp7-emotion-env/versions/32?api-version=REDACTED'
Request method: 'GET'
Request headers:
    'Accept': 'application/json'
    'x-ms-client-request-id': 'd5f8c9cf-52d0-11f0-93bd-7c214a408d59'
    'User-Agent': 'azure-ai-ml/1.27.1 azsdk-python-mgmt-machinelearningservices/0.1.0 Python/3.10.16 (Windows-10-10.0.26100-SP0)'
    'Authorization': 'REDACTED'
No body was attached to the request
2025-06-26 23:02:17,070 - azure.core.pipeline.policies.http_logging_policy - INFO - Response status: 200
Response headers:
    'Cache-Control': 'no-cache'
    'Pragma': 'no-cache'
    'Content-Length': '3925'
    'Content-Type': 'application/json; charset=utf-8'
    'Expires': '-1'
    'Vary': 'REDACTED'
    'x-ms-ratelimit-remaining-subscription-reads': '249'
    'x-ms-operation-identifier': 'REDACTED'
    'Request-Context': 'REDACTED'
    'x-ms-response-type': 'REDACTED'
    'Strict-Transport-Security': 'REDACTED'
    'X-Content-Type-Options': 'REDACTED'
    'azureml-served-by-cluster': 'REDACTED'
    'x-request-time': 'REDACTED'
    'x-ms-ratelimit-remaining-subscription-global-reads': 'REDACTED'
    'x-ms-request-id': '7249d527-2c6e-4ab5-8979-b220be620fa0'
    'x-ms-correlation-request-id': 'REDACTED'
    'x-ms-routing-request-id': 'REDACTED'
    'X-Cache': 'REDACTED'
    'X-MSEdge-Ref': 'Ref A: 382C792DA5B44D60AEE4A4091621A3C7 Ref B: AMS231032607037 Ref C: 2025-06-26T21:02:20Z'
    'Date': 'Thu, 26 Jun 2025 21:02:20 GMT'
2025-06-26 23:02:17,164 - azure.identity._credentials.environment - INFO - No environment configuration found.
2025-06-26 23:02:17,165 - azure.identity._credentials.managed_identity - INFO - ManagedIdentityCredential will use IMDS
2025-06-26 23:02:17,181 - azure.core.pipeline.policies.http_logging_policy - INFO - Request URL: 'http://169.254.169.254/metadata/identity/oauth2/token?api-version=REDACTED&resource=REDACTED'
Request method: 'GET'
Request headers:
    'User-Agent': 'azsdk-python-identity/1.23.0 Python/3.10.16 (Windows-10-10.0.26100-SP0)'
No body was attached to the request
2025-06-26 23:02:19,634 - azure.identity._credentials.chained - INFO - DefaultAzureCredential acquired a token from AzureCliCredential
2025-06-26 23:02:19,636 - azure.core.pipeline.policies.http_logging_policy - INFO - Request URL: 'https://management.azure.com/subscriptions/0a94de80-6d3b-49f2-b3e9-ec5818862801/resourceGroups/buas-y2/providers/Microsoft.MachineLearningServices/workspaces/NLP7-2025/onlineEndpoints/emotion-endpoint-v2?api-version=REDACTED'
Request method: 'GET'
Request headers:
    'Accept': 'application/json'
    'x-ms-client-request-id': 'd791cc8a-52d0-11f0-836f-7c214a408d59'
    'User-Agent': 'azure-ai-ml/1.27.1 azsdk-python-mgmt-machinelearningservices/0.1.0 Python/3.10.16 (Windows-10-10.0.26100-SP0)'
    'Authorization': 'REDACTED'
No body was attached to the request
2025-06-26 23:02:19,851 - azure.core.pipeline.policies.http_logging_policy - INFO - Response status: 200
Response headers:
    'Cache-Control': 'no-cache'
    'Pragma': 'no-cache'
    'Content-Length': '1824'
    'Content-Type': 'application/json; charset=utf-8'
    'Expires': '-1'
    'Vary': 'REDACTED'
    'x-ms-ratelimit-remaining-subscription-global-reads': 'REDACTED'
    'x-ms-ratelimit-remaining-subscription-reads': '249'
    'Request-Context': 'REDACTED'
    'x-ms-response-type': 'REDACTED'
    'Strict-Transport-Security': 'REDACTED'
    'X-Content-Type-Options': 'REDACTED'
    'azureml-served-by-cluster': 'REDACTED'
    'x-request-time': 'REDACTED'
    'x-ms-request-id': '3a6acef6-b932-455f-8abd-7e7590062628'
    'x-ms-correlation-request-id': 'REDACTED'
    'x-ms-routing-request-id': 'REDACTED'
    'X-Cache': 'REDACTED'
    'X-MSEdge-Ref': 'Ref A: 6D4F417B16A24E8289A885EF3E504A5D Ref B: AMS231020614029 Ref C: 2025-06-26T21:02:23Z'
    'Date': 'Thu, 26 Jun 2025 21:02:23 GMT'
2025-06-26 23:02:19,853 - azure.core.pipeline.policies.http_logging_policy - INFO - Request URL: 'https://management.azure.com/subscriptions/0a94de80-6d3b-49f2-b3e9-ec5818862801/resourceGroups/buas-y2/providers/Microsoft.MachineLearningServices/workspaces/NLP7-2025/onlineEndpoints/emotion-endpoint-v2/deployments?api-version=REDACTED'
Request method: 'GET'
Request headers:
    'Accept': 'application/json'
    'x-ms-client-request-id': 'd9297119-52d0-11f0-a335-7c214a408d59'
    'User-Agent': 'azure-ai-ml/1.27.1 azsdk-python-mgmt-machinelearningservices/0.1.0 Python/3.10.16 (Windows-10-10.0.26100-SP0)'
    'Authorization': 'REDACTED'
No body was attached to the request
2025-06-26 23:02:20,060 - azure.core.pipeline.policies.http_logging_policy - INFO - Response status: 200
Response headers:
    'Cache-Control': 'no-cache'
    'Pragma': 'no-cache'
    'Content-Length': '2673'
    'Content-Type': 'application/json; charset=utf-8'
    'Expires': '-1'
    'Vary': 'REDACTED'
    'x-ms-original-request-ids': 'REDACTED'
    'Request-Context': 'REDACTED'
    'x-ms-response-type': 'REDACTED'
    'Strict-Transport-Security': 'REDACTED'
    'X-Content-Type-Options': 'REDACTED'
    'azureml-served-by-cluster': 'REDACTED'
    'x-request-time': 'REDACTED'
    'x-ms-ratelimit-remaining-subscription-reads': '249'
    'x-ms-ratelimit-remaining-subscription-global-reads': 'REDACTED'
    'x-ms-request-id': '4f62c6c2-2918-4237-9f90-aeb2efab5f01'
    'x-ms-correlation-request-id': 'REDACTED'
    'x-ms-routing-request-id': 'REDACTED'
    'X-Cache': 'REDACTED'
    'X-MSEdge-Ref': 'Ref A: 1D934B144F464B00AA07BC253AB69454 Ref B: AMS231020614029 Ref C: 2025-06-26T21:02:23Z'
    'Date': 'Thu, 26 Jun 2025 21:02:23 GMT'
2025-06-26 23:02:21,429 - azure.identity._internal.decorators - INFO - AzureCliCredential.get_token_info succeeded
2025-06-26 23:02:21,430 - azure.identity._credentials.default - INFO - DefaultAzureCredential acquired a token from AzureCliCredential
2025-06-26 23:02:21,432 - azure.core.pipeline.policies.http_logging_policy - INFO - Request URL: 'https://management.azure.com/subscriptions/0a94de80-6d3b-49f2-b3e9-ec5818862801/resourceGroups/buas-y2/providers/Microsoft.MachineLearningServices/workspaces/NLP7-2025/models/Emotion-classification-full/versions?api-version=REDACTED&listViewType=REDACTED'
Request method: 'GET'
Request headers:
    'Accept': 'application/json'
    'x-ms-client-request-id': 'd949cb3c-52d0-11f0-9d4d-7c214a408d59'
    'User-Agent': 'azure-ai-ml/1.27.1 azsdk-python-mgmt-machinelearningservices/0.1.0 Python/3.10.16 (Windows-10-10.0.26100-SP0)'
    'Authorization': 'REDACTED'
No body was attached to the request
2025-06-26 23:02:21,801 - azure.core.pipeline.policies.http_logging_policy - INFO - Response status: 200
Response headers:
    'Cache-Control': 'no-cache'
    'Pragma': 'no-cache'
    'Content-Length': '17'
    'Content-Type': 'application/json; charset=utf-8'
    'Expires': '-1'
    'x-ms-operation-identifier': 'REDACTED'
    'Request-Context': 'REDACTED'
    'x-ms-response-type': 'REDACTED'
    'Strict-Transport-Security': 'REDACTED'
    'X-Content-Type-Options': 'REDACTED'
    'azureml-served-by-cluster': 'REDACTED'
    'x-request-time': 'REDACTED'
    'x-ms-ratelimit-remaining-subscription-reads': '249'
    'x-ms-ratelimit-remaining-subscription-global-reads': 'REDACTED'
    'x-ms-request-id': '466fb46e-2557-47c1-8177-c85c503e73d1'
    'x-ms-correlation-request-id': 'REDACTED'
    'x-ms-routing-request-id': 'REDACTED'
    'X-Cache': 'REDACTED'
    'X-MSEdge-Ref': 'Ref A: 6B934BDA72D9406B9DAC2B3538A9FFA9 Ref B: AMS231020512047 Ref C: 2025-06-26T21:02:25Z'
    'Date': 'Thu, 26 Jun 2025 21:02:24 GMT'
2025-06-26 23:02:21,803 - azure.core.pipeline.policies.http_logging_policy - INFO - Request URL: 'https://management.azure.com/subscriptions/0a94de80-6d3b-49f2-b3e9-ec5818862801/resourceGroups/buas-y2/providers/Microsoft.MachineLearningServices/workspaces/NLP7-2025/models/Emotion-classification/versions?api-version=REDACTED&listViewType=REDACTED'
Request method: 'GET'
Request headers:
    'Accept': 'application/json'
    'x-ms-client-request-id': 'da530eb2-52d0-11f0-b2c0-7c214a408d59'
    'User-Agent': 'azure-ai-ml/1.27.1 azsdk-python-mgmt-machinelearningservices/0.1.0 Python/3.10.16 (Windows-10-10.0.26100-SP0)'
    'Authorization': 'REDACTED'
No body was attached to the request
2025-06-26 23:02:22,090 - azure.core.pipeline.policies.http_logging_policy - INFO - Response status: 200
Response headers:
    'Cache-Control': 'no-cache'
    'Pragma': 'no-cache'
    'Content-Length': '3927'
    'Content-Type': 'application/json; charset=utf-8'
    'Expires': '-1'
    'Vary': 'REDACTED'
    'x-ms-ratelimit-remaining-subscription-reads': '249'
    'x-ms-operation-identifier': 'REDACTED'
    'Request-Context': 'REDACTED'
    'x-ms-response-type': 'REDACTED'
    'Strict-Transport-Security': 'REDACTED'
    'X-Content-Type-Options': 'REDACTED'
    'azureml-served-by-cluster': 'REDACTED'
    'x-request-time': 'REDACTED'
    'x-ms-ratelimit-remaining-subscription-global-reads': 'REDACTED'
    'x-ms-request-id': '40467248-9175-4b70-9e9a-888b0828c68b'
    'x-ms-correlation-request-id': 'REDACTED'
    'x-ms-routing-request-id': 'REDACTED'
    'X-Cache': 'REDACTED'
    'X-MSEdge-Ref': 'Ref A: AE99D47434DE407BB5F9F6FE84CA45BA Ref B: AMS231020512047 Ref C: 2025-06-26T21:02:25Z'
    'Date': 'Thu, 26 Jun 2025 21:02:25 GMT'
2025-06-26 23:02:23,503 - azure.identity._internal.decorators - INFO - AzureCliCredential.get_token_info succeeded
2025-06-26 23:02:23,504 - azure.identity._credentials.default - INFO - DefaultAzureCredential acquired a token from AzureCliCredential
2025-06-26 23:02:23,505 - azure.core.pipeline.policies.http_logging_policy - INFO - Request URL: 'https://management.azure.com/subscriptions/0a94de80-6d3b-49f2-b3e9-ec5818862801/resourceGroups/buas-y2/providers/Microsoft.MachineLearningServices/workspaces/NLP7-2025/environments/nlp7-inference-env/versions?api-version=REDACTED&listViewType=REDACTED'
Request method: 'GET'
Request headers:
    'Accept': 'application/json'
    'x-ms-client-request-id': 'da7f63dc-52d0-11f0-bf1a-7c214a408d59'
    'User-Agent': 'azure-ai-ml/1.27.1 azsdk-python-mgmt-machinelearningservices/0.1.0 Python/3.10.16 (Windows-10-10.0.26100-SP0)'
    'Authorization': 'REDACTED'
No body was attached to the request
2025-06-26 23:02:23,820 - azure.core.pipeline.policies.http_logging_policy - INFO - Response status: 404
Response headers:
    'Cache-Control': 'no-cache'
    'Pragma': 'no-cache'
    'Content-Length': '824'
    'Content-Type': 'application/json; charset=utf-8'
    'Expires': '-1'
    'Vary': 'REDACTED'
    'x-ms-ratelimit-remaining-subscription-reads': '249'
    'x-ms-operation-identifier': 'REDACTED'
    'Request-Context': 'REDACTED'
    'x-ms-response-type': 'REDACTED'
    'Strict-Transport-Security': 'REDACTED'
    'X-Content-Type-Options': 'REDACTED'
    'azureml-served-by-cluster': 'REDACTED'
    'x-request-time': 'REDACTED'
    'x-ms-ratelimit-remaining-subscription-global-reads': 'REDACTED'
    'x-ms-request-id': 'be83efc4-6a15-40da-be01-ef77fba3a388'
    'x-ms-correlation-request-id': 'REDACTED'
    'x-ms-routing-request-id': 'REDACTED'
    'X-Cache': 'REDACTED'
    'X-MSEdge-Ref': 'Ref A: AD1AC1FB125E441FBA64E0B551117DAD Ref B: AMS231020614009 Ref C: 2025-06-26T21:02:27Z'
    'Date': 'Thu, 26 Jun 2025 21:02:27 GMT'
2025-06-26 23:46:44,705 - src.app.API_main - DEBUG - FastAPI app initialized
2025-06-26 23:46:44,712 - src.app.API_main - DEBUG - Mounting '/output' static file directory for CSV access
2025-06-26 23:46:44,713 - src.app.API_main - INFO - API server initialized and ready to receive requests.
2025-06-27 01:09:20,187 - src.app.API_main - DEBUG - FastAPI app initialized
2025-06-27 01:09:20,203 - src.app.API_main - DEBUG - Mounting '/output' static file directory for CSV access
2025-06-27 01:09:20,211 - src.app.API_main - INFO - API server initialized and ready to receive requests.
2025-06-27 01:20:57,775 - src.app.API_main - DEBUG - FastAPI app initialized
2025-06-27 01:20:57,784 - src.app.API_main - DEBUG - Mounting '/output' static file directory for CSV access
2025-06-27 01:20:57,784 - src.app.API_main - INFO - API server initialized and ready to receive requests.
2025-06-27 01:21:00,910 - azure.identity._credentials.environment - INFO - No environment configuration found.
2025-06-27 01:21:00,912 - azure.identity._credentials.managed_identity - INFO - ManagedIdentityCredential will use IMDS
2025-06-27 01:21:00,953 - azure.identity._internal.decorators - DEBUG - EnvironmentCredential.get_token_info failed: EnvironmentCredential authentication unavailable. Environment variables are not fully configured.
Visit https://aka.ms/azsdk/python/identity/environmentcredential/troubleshoot to troubleshoot this issue.
Traceback (most recent call last):
  File "C:\Users\mstan\OneDrive\Dokumenty\GitHub\2024-25d-fai2-adsai-group-nlp7\.venv\lib\site-packages\azure\identity\_internal\decorators.py", line 23, in wrapper
    token = fn(*args, **kwargs)
  File "C:\Users\mstan\OneDrive\Dokumenty\GitHub\2024-25d-fai2-adsai-group-nlp7\.venv\lib\site-packages\azure\identity\_credentials\environment.py", line 181, in get_token_info
    raise CredentialUnavailableError(message=message)
azure.identity._exceptions.CredentialUnavailableError: EnvironmentCredential authentication unavailable. Environment variables are not fully configured.
Visit https://aka.ms/azsdk/python/identity/environmentcredential/troubleshoot to troubleshoot this issue.
2025-06-27 01:21:00,953 - azure.core.pipeline.policies.http_logging_policy - INFO - Request URL: 'http://169.254.169.254/metadata/identity/oauth2/token?api-version=REDACTED&resource=REDACTED'
Request method: 'GET'
Request headers:
    'User-Agent': 'azsdk-python-identity/1.23.0 Python/3.10.16 (Windows-10-10.0.26100-SP0)'
No body was attached to the request
2025-06-27 01:21:01,983 - azure.identity._internal.msal_managed_identity_client - DEBUG - ImdsCredential.get_token_info failed: ManagedIdentityCredential authentication unavailable, no response from the IMDS endpoint.
Traceback (most recent call last):
  File "C:\Users\mstan\OneDrive\Dokumenty\GitHub\2024-25d-fai2-adsai-group-nlp7\.venv\lib\site-packages\azure\identity\_credentials\imds.py", line 86, in _request_token
    client.request_token(*scopes, connection_timeout=1, retry_total=0)
  File "C:\Users\mstan\OneDrive\Dokumenty\GitHub\2024-25d-fai2-adsai-group-nlp7\.venv\lib\site-packages\azure\identity\_internal\managed_identity_client.py", line 145, in request_token
    response = self._pipeline.run(request, retry_on_methods=[request.method], **kwargs)
  File "C:\Users\mstan\OneDrive\Dokumenty\GitHub\2024-25d-fai2-adsai-group-nlp7\.venv\lib\site-packages\azure\core\pipeline\_base.py", line 242, in run
    return first_node.send(pipeline_request)
  File "C:\Users\mstan\OneDrive\Dokumenty\GitHub\2024-25d-fai2-adsai-group-nlp7\.venv\lib\site-packages\azure\core\pipeline\_base.py", line 98, in send
    response = self.next.send(request)
  File "C:\Users\mstan\OneDrive\Dokumenty\GitHub\2024-25d-fai2-adsai-group-nlp7\.venv\lib\site-packages\azure\core\pipeline\_base.py", line 98, in send
    response = self.next.send(request)
  File "C:\Users\mstan\OneDrive\Dokumenty\GitHub\2024-25d-fai2-adsai-group-nlp7\.venv\lib\site-packages\azure\core\pipeline\_base.py", line 98, in send
    response = self.next.send(request)
  [Previous line repeated 1 more time]
  File "C:\Users\mstan\OneDrive\Dokumenty\GitHub\2024-25d-fai2-adsai-group-nlp7\.venv\lib\site-packages\azure\core\pipeline\policies\_retry.py", line 566, in send
    raise err
  File "C:\Users\mstan\OneDrive\Dokumenty\GitHub\2024-25d-fai2-adsai-group-nlp7\.venv\lib\site-packages\azure\core\pipeline\policies\_retry.py", line 544, in send
    response = self.next.send(request)
  File "C:\Users\mstan\OneDrive\Dokumenty\GitHub\2024-25d-fai2-adsai-group-nlp7\.venv\lib\site-packages\azure\core\pipeline\_base.py", line 98, in send
    response = self.next.send(request)
  File "C:\Users\mstan\OneDrive\Dokumenty\GitHub\2024-25d-fai2-adsai-group-nlp7\.venv\lib\site-packages\azure\core\pipeline\_base.py", line 98, in send
    response = self.next.send(request)
  File "C:\Users\mstan\OneDrive\Dokumenty\GitHub\2024-25d-fai2-adsai-group-nlp7\.venv\lib\site-packages\azure\core\pipeline\_base.py", line 98, in send
    response = self.next.send(request)
  [Previous line repeated 1 more time]
  File "C:\Users\mstan\OneDrive\Dokumenty\GitHub\2024-25d-fai2-adsai-group-nlp7\.venv\lib\site-packages\azure\core\pipeline\_base.py", line 130, in send
    self._sender.send(request.http_request, **request.context.options),
  File "C:\Users\mstan\OneDrive\Dokumenty\GitHub\2024-25d-fai2-adsai-group-nlp7\.venv\lib\site-packages\azure\core\pipeline\transport\_requests_basic.py", line 409, in send
    raise error
azure.core.exceptions.ServiceRequestError: (<urllib3.connection.HTTPConnection object at 0x000001DDFFCD7100>, 'Connection to 169.254.169.254 timed out. (connect timeout=1)')

The above exception was the direct cause of the following exception:

Traceback (most recent call last):
  File "C:\Users\mstan\OneDrive\Dokumenty\GitHub\2024-25d-fai2-adsai-group-nlp7\.venv\lib\site-packages\azure\identity\_internal\msal_managed_identity_client.py", line 163, in _get_token_base
    token = self._request_token(*scopes, claims=claims, tenant_id=tenant_id, enable_cae=enable_cae, **kwargs)
  File "C:\Users\mstan\OneDrive\Dokumenty\GitHub\2024-25d-fai2-adsai-group-nlp7\.venv\lib\site-packages\azure\identity\_credentials\imds.py", line 96, in _request_token
    raise CredentialUnavailableError(error_message) from ex
azure.identity._exceptions.CredentialUnavailableError: ManagedIdentityCredential authentication unavailable, no response from the IMDS endpoint.
2025-06-27 01:21:01,987 - azure.identity._internal.decorators - DEBUG - ManagedIdentityCredential.get_token_info failed: ManagedIdentityCredential authentication unavailable, no response from the IMDS endpoint.
Traceback (most recent call last):
  File "C:\Users\mstan\OneDrive\Dokumenty\GitHub\2024-25d-fai2-adsai-group-nlp7\.venv\lib\site-packages\azure\identity\_credentials\imds.py", line 86, in _request_token
    client.request_token(*scopes, connection_timeout=1, retry_total=0)
  File "C:\Users\mstan\OneDrive\Dokumenty\GitHub\2024-25d-fai2-adsai-group-nlp7\.venv\lib\site-packages\azure\identity\_internal\managed_identity_client.py", line 145, in request_token
    response = self._pipeline.run(request, retry_on_methods=[request.method], **kwargs)
  File "C:\Users\mstan\OneDrive\Dokumenty\GitHub\2024-25d-fai2-adsai-group-nlp7\.venv\lib\site-packages\azure\core\pipeline\_base.py", line 242, in run
    return first_node.send(pipeline_request)
  File "C:\Users\mstan\OneDrive\Dokumenty\GitHub\2024-25d-fai2-adsai-group-nlp7\.venv\lib\site-packages\azure\core\pipeline\_base.py", line 98, in send
    response = self.next.send(request)
  File "C:\Users\mstan\OneDrive\Dokumenty\GitHub\2024-25d-fai2-adsai-group-nlp7\.venv\lib\site-packages\azure\core\pipeline\_base.py", line 98, in send
    response = self.next.send(request)
  File "C:\Users\mstan\OneDrive\Dokumenty\GitHub\2024-25d-fai2-adsai-group-nlp7\.venv\lib\site-packages\azure\core\pipeline\_base.py", line 98, in send
    response = self.next.send(request)
  [Previous line repeated 1 more time]
  File "C:\Users\mstan\OneDrive\Dokumenty\GitHub\2024-25d-fai2-adsai-group-nlp7\.venv\lib\site-packages\azure\core\pipeline\policies\_retry.py", line 566, in send
    raise err
  File "C:\Users\mstan\OneDrive\Dokumenty\GitHub\2024-25d-fai2-adsai-group-nlp7\.venv\lib\site-packages\azure\core\pipeline\policies\_retry.py", line 544, in send
    response = self.next.send(request)
  File "C:\Users\mstan\OneDrive\Dokumenty\GitHub\2024-25d-fai2-adsai-group-nlp7\.venv\lib\site-packages\azure\core\pipeline\_base.py", line 98, in send
    response = self.next.send(request)
  File "C:\Users\mstan\OneDrive\Dokumenty\GitHub\2024-25d-fai2-adsai-group-nlp7\.venv\lib\site-packages\azure\core\pipeline\_base.py", line 98, in send
    response = self.next.send(request)
  File "C:\Users\mstan\OneDrive\Dokumenty\GitHub\2024-25d-fai2-adsai-group-nlp7\.venv\lib\site-packages\azure\core\pipeline\_base.py", line 98, in send
    response = self.next.send(request)
  [Previous line repeated 1 more time]
  File "C:\Users\mstan\OneDrive\Dokumenty\GitHub\2024-25d-fai2-adsai-group-nlp7\.venv\lib\site-packages\azure\core\pipeline\_base.py", line 130, in send
    self._sender.send(request.http_request, **request.context.options),
  File "C:\Users\mstan\OneDrive\Dokumenty\GitHub\2024-25d-fai2-adsai-group-nlp7\.venv\lib\site-packages\azure\core\pipeline\transport\_requests_basic.py", line 409, in send
    raise error
azure.core.exceptions.ServiceRequestError: (<urllib3.connection.HTTPConnection object at 0x000001DDFFCD7100>, 'Connection to 169.254.169.254 timed out. (connect timeout=1)')

The above exception was the direct cause of the following exception:

Traceback (most recent call last):
  File "C:\Users\mstan\OneDrive\Dokumenty\GitHub\2024-25d-fai2-adsai-group-nlp7\.venv\lib\site-packages\azure\identity\_internal\decorators.py", line 23, in wrapper
    token = fn(*args, **kwargs)
  File "C:\Users\mstan\OneDrive\Dokumenty\GitHub\2024-25d-fai2-adsai-group-nlp7\.venv\lib\site-packages\azure\identity\_credentials\managed_identity.py", line 212, in get_token_info
    return cast(SupportsTokenInfo, self._credential).get_token_info(*scopes, options=options)
  File "C:\Users\mstan\OneDrive\Dokumenty\GitHub\2024-25d-fai2-adsai-group-nlp7\.venv\lib\site-packages\azure\identity\_internal\msal_managed_identity_client.py", line 143, in get_token_info
    return self._get_token_base(*scopes, options=options, base_method_name="get_token_info")
  File "C:\Users\mstan\OneDrive\Dokumenty\GitHub\2024-25d-fai2-adsai-group-nlp7\.venv\lib\site-packages\azure\identity\_internal\msal_managed_identity_client.py", line 163, in _get_token_base
    token = self._request_token(*scopes, claims=claims, tenant_id=tenant_id, enable_cae=enable_cae, **kwargs)
  File "C:\Users\mstan\OneDrive\Dokumenty\GitHub\2024-25d-fai2-adsai-group-nlp7\.venv\lib\site-packages\azure\identity\_credentials\imds.py", line 96, in _request_token
    raise CredentialUnavailableError(error_message) from ex
azure.identity._exceptions.CredentialUnavailableError: ManagedIdentityCredential authentication unavailable, no response from the IMDS endpoint.
2025-06-27 01:21:01,989 - azure.identity._internal.decorators - DEBUG - SharedTokenCacheCredential.get_token_info failed: SharedTokenCacheCredential authentication unavailable. No accounts were found in the cache.
Traceback (most recent call last):
  File "C:\Users\mstan\OneDrive\Dokumenty\GitHub\2024-25d-fai2-adsai-group-nlp7\.venv\lib\site-packages\azure\identity\_internal\decorators.py", line 23, in wrapper
    token = fn(*args, **kwargs)
  File "C:\Users\mstan\OneDrive\Dokumenty\GitHub\2024-25d-fai2-adsai-group-nlp7\.venv\lib\site-packages\azure\identity\_credentials\shared_cache.py", line 110, in get_token_info
    return cast(SupportsTokenInfo, self._credential).get_token_info(*scopes, options=options)
  File "C:\Users\mstan\OneDrive\Dokumenty\GitHub\2024-25d-fai2-adsai-group-nlp7\.venv\lib\site-packages\azure\identity\_credentials\shared_cache.py", line 156, in get_token_info
    return self._get_token_base(*scopes, options=options, base_method_name="get_token_info")
  File "C:\Users\mstan\OneDrive\Dokumenty\GitHub\2024-25d-fai2-adsai-group-nlp7\.venv\lib\site-packages\azure\identity\_credentials\shared_cache.py", line 186, in _get_token_base
    account = self._get_account(self._username, self._tenant_id, is_cae=is_cae)
  File "C:\Users\mstan\OneDrive\Dokumenty\GitHub\2024-25d-fai2-adsai-group-nlp7\.venv\lib\site-packages\azure\identity\_internal\decorators.py", line 75, in wrapper
    return fn(*args, **kwargs)
  File "C:\Users\mstan\OneDrive\Dokumenty\GitHub\2024-25d-fai2-adsai-group-nlp7\.venv\lib\site-packages\azure\identity\_internal\shared_token_cache.py", line 209, in _get_account
    raise CredentialUnavailableError(message=NO_ACCOUNTS)
azure.identity._exceptions.CredentialUnavailableError: SharedTokenCacheCredential authentication unavailable. No accounts were found in the cache.
2025-06-27 01:21:01,991 - azure.identity._credentials.azure_cli - DEBUG - Executing subprocess with the following arguments ['C:\\Program Files (x86)\\Microsoft SDKs\\Azure\\CLI2\\wbin\\az.CMD', 'account', 'get-access-token', '--output', 'json', '--resource', 'https://management.azure.com']
2025-06-27 01:21:03,627 - azure.identity._internal.decorators - DEBUG - AzureCliCredential.get_token_info succeeded
2025-06-27 01:21:03,627 - azure.identity._internal.decorators - DEBUG - [Authenticated account] Client ID: 04b07795-8ddb-461a-bbee-02f9e1bf7b46. Tenant ID: 0a33589b-0036-4fe8-a829-3ed0926af886. User Principal Name: 231648@buas.nl. Object ID (user): 1da7aac3-d86e-4699-ada1-b27111ba4073
2025-06-27 01:21:03,627 - azure.identity._credentials.chained - INFO - DefaultAzureCredential acquired a token from AzureCliCredential
2025-06-27 01:21:03,627 - azure.core.pipeline.policies.http_logging_policy - INFO - Request URL: 'https://management.azure.com/subscriptions/0a94de80-6d3b-49f2-b3e9-ec5818862801/resourceGroups/buas-y2/providers/Microsoft.MachineLearningServices/workspaces/NLP7-2025/models/Emotion-classification/versions?api-version=REDACTED&listViewType=REDACTED'
Request method: 'GET'
Request headers:
    'Accept': 'application/json'
    'x-ms-client-request-id': '38ec9137-52e4-11f0-9043-7c214a408d59'
    'User-Agent': 'azure-ai-ml/1.27.1 azsdk-python-mgmt-machinelearningservices/0.1.0 Python/3.10.16 (Windows-10-10.0.26100-SP0)'
    'Authorization': 'REDACTED'
No body was attached to the request
2025-06-27 01:21:04,036 - azure.core.pipeline.policies.http_logging_policy - INFO - Response status: 200
Response headers:
    'Cache-Control': 'no-cache'
    'Pragma': 'no-cache'
    'Content-Length': '3927'
    'Content-Type': 'application/json; charset=utf-8'
    'Expires': '-1'
    'Vary': 'REDACTED'
    'x-ms-ratelimit-remaining-subscription-reads': '249'
    'x-ms-operation-identifier': 'REDACTED'
    'Request-Context': 'REDACTED'
    'x-ms-response-type': 'REDACTED'
    'Strict-Transport-Security': 'REDACTED'
    'X-Content-Type-Options': 'REDACTED'
    'azureml-served-by-cluster': 'REDACTED'
    'x-request-time': 'REDACTED'
    'x-ms-ratelimit-remaining-subscription-global-reads': 'REDACTED'
    'x-ms-request-id': '6cb2468c-f43e-48fe-b611-423d4409a3cd'
    'x-ms-correlation-request-id': 'REDACTED'
    'x-ms-routing-request-id': 'REDACTED'
    'X-Cache': 'REDACTED'
    'X-MSEdge-Ref': 'Ref A: 932B753F9310492B90E44151DF52AC83 Ref B: AMS231020615047 Ref C: 2025-06-26T23:21:07Z'
    'Date': 'Thu, 26 Jun 2025 23:21:08 GMT'
2025-06-27 01:21:04,043 - azure.identity._credentials.azure_cli - DEBUG - Executing subprocess with the following arguments ['C:\\Program Files (x86)\\Microsoft SDKs\\Azure\\CLI2\\wbin\\az.CMD', 'account', 'get-access-token', '--output', 'json', '--resource', 'https://management.azure.com']
2025-06-27 01:21:05,798 - azure.identity._internal.decorators - INFO - AzureCliCredential.get_token_info succeeded
2025-06-27 01:21:05,798 - azure.identity._internal.decorators - DEBUG - [Authenticated account] Client ID: 04b07795-8ddb-461a-bbee-02f9e1bf7b46. Tenant ID: 0a33589b-0036-4fe8-a829-3ed0926af886. User Principal Name: 231648@buas.nl. Object ID (user): 1da7aac3-d86e-4699-ada1-b27111ba4073
2025-06-27 01:21:05,800 - azure.identity._credentials.default - INFO - DefaultAzureCredential acquired a token from AzureCliCredential
2025-06-27 01:21:05,800 - azure.core.pipeline.policies.http_logging_policy - INFO - Request URL: 'https://management.azure.com/subscriptions/0a94de80-6d3b-49f2-b3e9-ec5818862801/resourceGroups/buas-y2/providers/Microsoft.MachineLearningServices/workspaces/NLP7-2025/environments/nlp7-emotion-env/versions/32?api-version=REDACTED'
Request method: 'GET'
Request headers:
    'Accept': 'application/json'
    'x-ms-client-request-id': '3ac388a5-52e4-11f0-b904-7c214a408d59'
    'User-Agent': 'azure-ai-ml/1.27.1 azsdk-python-mgmt-machinelearningservices/0.1.0 Python/3.10.16 (Windows-10-10.0.26100-SP0)'
    'Authorization': 'REDACTED'
No body was attached to the request
2025-06-27 01:21:06,134 - azure.core.pipeline.policies.http_logging_policy - INFO - Response status: 200
Response headers:
    'Cache-Control': 'no-cache'
    'Pragma': 'no-cache'
    'Content-Length': '3925'
    'Content-Type': 'application/json; charset=utf-8'
    'Expires': '-1'
    'Vary': 'REDACTED'
    'x-ms-ratelimit-remaining-subscription-reads': '249'
    'x-ms-operation-identifier': 'REDACTED'
    'Request-Context': 'REDACTED'
    'x-ms-response-type': 'REDACTED'
    'Strict-Transport-Security': 'REDACTED'
    'X-Content-Type-Options': 'REDACTED'
    'azureml-served-by-cluster': 'REDACTED'
    'x-request-time': 'REDACTED'
    'x-ms-ratelimit-remaining-subscription-global-reads': 'REDACTED'
    'x-ms-request-id': '10bd26bb-d9ad-4b10-b668-7e9cb1e82fb5'
    'x-ms-correlation-request-id': 'REDACTED'
    'x-ms-routing-request-id': 'REDACTED'
    'X-Cache': 'REDACTED'
    'X-MSEdge-Ref': 'Ref A: 1F8C1BD400EF45ABBB4A57ABB29D9222 Ref B: AMS231020615029 Ref C: 2025-06-26T23:21:10Z'
    'Date': 'Thu, 26 Jun 2025 23:21:09 GMT'
2025-06-27 01:21:06,156 - azure.identity._credentials.environment - INFO - No environment configuration found.
2025-06-27 01:21:06,157 - azure.identity._credentials.managed_identity - INFO - ManagedIdentityCredential will use IMDS
2025-06-27 01:21:06,179 - azure.identity._internal.decorators - DEBUG - EnvironmentCredential.get_token_info failed: EnvironmentCredential authentication unavailable. Environment variables are not fully configured.
Visit https://aka.ms/azsdk/python/identity/environmentcredential/troubleshoot to troubleshoot this issue.
Traceback (most recent call last):
  File "C:\Users\mstan\OneDrive\Dokumenty\GitHub\2024-25d-fai2-adsai-group-nlp7\.venv\lib\site-packages\azure\identity\_internal\decorators.py", line 23, in wrapper
    token = fn(*args, **kwargs)
  File "C:\Users\mstan\OneDrive\Dokumenty\GitHub\2024-25d-fai2-adsai-group-nlp7\.venv\lib\site-packages\azure\identity\_credentials\environment.py", line 181, in get_token_info
    raise CredentialUnavailableError(message=message)
azure.identity._exceptions.CredentialUnavailableError: EnvironmentCredential authentication unavailable. Environment variables are not fully configured.
Visit https://aka.ms/azsdk/python/identity/environmentcredential/troubleshoot to troubleshoot this issue.
2025-06-27 01:21:06,181 - azure.core.pipeline.policies.http_logging_policy - INFO - Request URL: 'http://169.254.169.254/metadata/identity/oauth2/token?api-version=REDACTED&resource=REDACTED'
Request method: 'GET'
Request headers:
    'User-Agent': 'azsdk-python-identity/1.23.0 Python/3.10.16 (Windows-10-10.0.26100-SP0)'
No body was attached to the request
2025-06-27 01:21:07,191 - azure.identity._internal.msal_managed_identity_client - DEBUG - ImdsCredential.get_token_info failed: ManagedIdentityCredential authentication unavailable, no response from the IMDS endpoint.
Traceback (most recent call last):
  File "C:\Users\mstan\OneDrive\Dokumenty\GitHub\2024-25d-fai2-adsai-group-nlp7\.venv\lib\site-packages\azure\identity\_credentials\imds.py", line 86, in _request_token
    client.request_token(*scopes, connection_timeout=1, retry_total=0)
  File "C:\Users\mstan\OneDrive\Dokumenty\GitHub\2024-25d-fai2-adsai-group-nlp7\.venv\lib\site-packages\azure\identity\_internal\managed_identity_client.py", line 145, in request_token
    response = self._pipeline.run(request, retry_on_methods=[request.method], **kwargs)
  File "C:\Users\mstan\OneDrive\Dokumenty\GitHub\2024-25d-fai2-adsai-group-nlp7\.venv\lib\site-packages\azure\core\pipeline\_base.py", line 242, in run
    return first_node.send(pipeline_request)
  File "C:\Users\mstan\OneDrive\Dokumenty\GitHub\2024-25d-fai2-adsai-group-nlp7\.venv\lib\site-packages\azure\core\pipeline\_base.py", line 98, in send
    response = self.next.send(request)
  File "C:\Users\mstan\OneDrive\Dokumenty\GitHub\2024-25d-fai2-adsai-group-nlp7\.venv\lib\site-packages\azure\core\pipeline\_base.py", line 98, in send
    response = self.next.send(request)
  File "C:\Users\mstan\OneDrive\Dokumenty\GitHub\2024-25d-fai2-adsai-group-nlp7\.venv\lib\site-packages\azure\core\pipeline\_base.py", line 98, in send
    response = self.next.send(request)
  [Previous line repeated 1 more time]
  File "C:\Users\mstan\OneDrive\Dokumenty\GitHub\2024-25d-fai2-adsai-group-nlp7\.venv\lib\site-packages\azure\core\pipeline\policies\_retry.py", line 566, in send
    raise err
  File "C:\Users\mstan\OneDrive\Dokumenty\GitHub\2024-25d-fai2-adsai-group-nlp7\.venv\lib\site-packages\azure\core\pipeline\policies\_retry.py", line 544, in send
    response = self.next.send(request)
  File "C:\Users\mstan\OneDrive\Dokumenty\GitHub\2024-25d-fai2-adsai-group-nlp7\.venv\lib\site-packages\azure\core\pipeline\_base.py", line 98, in send
    response = self.next.send(request)
  File "C:\Users\mstan\OneDrive\Dokumenty\GitHub\2024-25d-fai2-adsai-group-nlp7\.venv\lib\site-packages\azure\core\pipeline\_base.py", line 98, in send
    response = self.next.send(request)
  File "C:\Users\mstan\OneDrive\Dokumenty\GitHub\2024-25d-fai2-adsai-group-nlp7\.venv\lib\site-packages\azure\core\pipeline\_base.py", line 98, in send
    response = self.next.send(request)
  [Previous line repeated 1 more time]
  File "C:\Users\mstan\OneDrive\Dokumenty\GitHub\2024-25d-fai2-adsai-group-nlp7\.venv\lib\site-packages\azure\core\pipeline\_base.py", line 130, in send
    self._sender.send(request.http_request, **request.context.options),
  File "C:\Users\mstan\OneDrive\Dokumenty\GitHub\2024-25d-fai2-adsai-group-nlp7\.venv\lib\site-packages\azure\core\pipeline\transport\_requests_basic.py", line 409, in send
    raise error
azure.core.exceptions.ServiceRequestError: (<urllib3.connection.HTTPConnection object at 0x000001DDFFDC9300>, 'Connection to 169.254.169.254 timed out. (connect timeout=1)')

The above exception was the direct cause of the following exception:

Traceback (most recent call last):
  File "C:\Users\mstan\OneDrive\Dokumenty\GitHub\2024-25d-fai2-adsai-group-nlp7\.venv\lib\site-packages\azure\identity\_internal\msal_managed_identity_client.py", line 163, in _get_token_base
    token = self._request_token(*scopes, claims=claims, tenant_id=tenant_id, enable_cae=enable_cae, **kwargs)
  File "C:\Users\mstan\OneDrive\Dokumenty\GitHub\2024-25d-fai2-adsai-group-nlp7\.venv\lib\site-packages\azure\identity\_credentials\imds.py", line 96, in _request_token
    raise CredentialUnavailableError(error_message) from ex
azure.identity._exceptions.CredentialUnavailableError: ManagedIdentityCredential authentication unavailable, no response from the IMDS endpoint.
2025-06-27 01:21:07,191 - azure.identity._internal.decorators - DEBUG - ManagedIdentityCredential.get_token_info failed: ManagedIdentityCredential authentication unavailable, no response from the IMDS endpoint.
Traceback (most recent call last):
  File "C:\Users\mstan\OneDrive\Dokumenty\GitHub\2024-25d-fai2-adsai-group-nlp7\.venv\lib\site-packages\azure\identity\_credentials\imds.py", line 86, in _request_token
    client.request_token(*scopes, connection_timeout=1, retry_total=0)
  File "C:\Users\mstan\OneDrive\Dokumenty\GitHub\2024-25d-fai2-adsai-group-nlp7\.venv\lib\site-packages\azure\identity\_internal\managed_identity_client.py", line 145, in request_token
    response = self._pipeline.run(request, retry_on_methods=[request.method], **kwargs)
  File "C:\Users\mstan\OneDrive\Dokumenty\GitHub\2024-25d-fai2-adsai-group-nlp7\.venv\lib\site-packages\azure\core\pipeline\_base.py", line 242, in run
    return first_node.send(pipeline_request)
  File "C:\Users\mstan\OneDrive\Dokumenty\GitHub\2024-25d-fai2-adsai-group-nlp7\.venv\lib\site-packages\azure\core\pipeline\_base.py", line 98, in send
    response = self.next.send(request)
  File "C:\Users\mstan\OneDrive\Dokumenty\GitHub\2024-25d-fai2-adsai-group-nlp7\.venv\lib\site-packages\azure\core\pipeline\_base.py", line 98, in send
    response = self.next.send(request)
  File "C:\Users\mstan\OneDrive\Dokumenty\GitHub\2024-25d-fai2-adsai-group-nlp7\.venv\lib\site-packages\azure\core\pipeline\_base.py", line 98, in send
    response = self.next.send(request)
  [Previous line repeated 1 more time]
  File "C:\Users\mstan\OneDrive\Dokumenty\GitHub\2024-25d-fai2-adsai-group-nlp7\.venv\lib\site-packages\azure\core\pipeline\policies\_retry.py", line 566, in send
    raise err
  File "C:\Users\mstan\OneDrive\Dokumenty\GitHub\2024-25d-fai2-adsai-group-nlp7\.venv\lib\site-packages\azure\core\pipeline\policies\_retry.py", line 544, in send
    response = self.next.send(request)
  File "C:\Users\mstan\OneDrive\Dokumenty\GitHub\2024-25d-fai2-adsai-group-nlp7\.venv\lib\site-packages\azure\core\pipeline\_base.py", line 98, in send
    response = self.next.send(request)
  File "C:\Users\mstan\OneDrive\Dokumenty\GitHub\2024-25d-fai2-adsai-group-nlp7\.venv\lib\site-packages\azure\core\pipeline\_base.py", line 98, in send
    response = self.next.send(request)
  File "C:\Users\mstan\OneDrive\Dokumenty\GitHub\2024-25d-fai2-adsai-group-nlp7\.venv\lib\site-packages\azure\core\pipeline\_base.py", line 98, in send
    response = self.next.send(request)
  [Previous line repeated 1 more time]
  File "C:\Users\mstan\OneDrive\Dokumenty\GitHub\2024-25d-fai2-adsai-group-nlp7\.venv\lib\site-packages\azure\core\pipeline\_base.py", line 130, in send
    self._sender.send(request.http_request, **request.context.options),
  File "C:\Users\mstan\OneDrive\Dokumenty\GitHub\2024-25d-fai2-adsai-group-nlp7\.venv\lib\site-packages\azure\core\pipeline\transport\_requests_basic.py", line 409, in send
    raise error
azure.core.exceptions.ServiceRequestError: (<urllib3.connection.HTTPConnection object at 0x000001DDFFDC9300>, 'Connection to 169.254.169.254 timed out. (connect timeout=1)')

The above exception was the direct cause of the following exception:

Traceback (most recent call last):
  File "C:\Users\mstan\OneDrive\Dokumenty\GitHub\2024-25d-fai2-adsai-group-nlp7\.venv\lib\site-packages\azure\identity\_internal\decorators.py", line 23, in wrapper
    token = fn(*args, **kwargs)
  File "C:\Users\mstan\OneDrive\Dokumenty\GitHub\2024-25d-fai2-adsai-group-nlp7\.venv\lib\site-packages\azure\identity\_credentials\managed_identity.py", line 212, in get_token_info
    return cast(SupportsTokenInfo, self._credential).get_token_info(*scopes, options=options)
  File "C:\Users\mstan\OneDrive\Dokumenty\GitHub\2024-25d-fai2-adsai-group-nlp7\.venv\lib\site-packages\azure\identity\_internal\msal_managed_identity_client.py", line 143, in get_token_info
    return self._get_token_base(*scopes, options=options, base_method_name="get_token_info")
  File "C:\Users\mstan\OneDrive\Dokumenty\GitHub\2024-25d-fai2-adsai-group-nlp7\.venv\lib\site-packages\azure\identity\_internal\msal_managed_identity_client.py", line 163, in _get_token_base
    token = self._request_token(*scopes, claims=claims, tenant_id=tenant_id, enable_cae=enable_cae, **kwargs)
  File "C:\Users\mstan\OneDrive\Dokumenty\GitHub\2024-25d-fai2-adsai-group-nlp7\.venv\lib\site-packages\azure\identity\_credentials\imds.py", line 96, in _request_token
    raise CredentialUnavailableError(error_message) from ex
azure.identity._exceptions.CredentialUnavailableError: ManagedIdentityCredential authentication unavailable, no response from the IMDS endpoint.
2025-06-27 01:21:07,191 - azure.identity._internal.decorators - DEBUG - SharedTokenCacheCredential.get_token_info failed: SharedTokenCacheCredential authentication unavailable. No accounts were found in the cache.
Traceback (most recent call last):
  File "C:\Users\mstan\OneDrive\Dokumenty\GitHub\2024-25d-fai2-adsai-group-nlp7\.venv\lib\site-packages\azure\identity\_internal\decorators.py", line 23, in wrapper
    token = fn(*args, **kwargs)
  File "C:\Users\mstan\OneDrive\Dokumenty\GitHub\2024-25d-fai2-adsai-group-nlp7\.venv\lib\site-packages\azure\identity\_credentials\shared_cache.py", line 110, in get_token_info
    return cast(SupportsTokenInfo, self._credential).get_token_info(*scopes, options=options)
  File "C:\Users\mstan\OneDrive\Dokumenty\GitHub\2024-25d-fai2-adsai-group-nlp7\.venv\lib\site-packages\azure\identity\_credentials\shared_cache.py", line 156, in get_token_info
    return self._get_token_base(*scopes, options=options, base_method_name="get_token_info")
  File "C:\Users\mstan\OneDrive\Dokumenty\GitHub\2024-25d-fai2-adsai-group-nlp7\.venv\lib\site-packages\azure\identity\_credentials\shared_cache.py", line 186, in _get_token_base
    account = self._get_account(self._username, self._tenant_id, is_cae=is_cae)
  File "C:\Users\mstan\OneDrive\Dokumenty\GitHub\2024-25d-fai2-adsai-group-nlp7\.venv\lib\site-packages\azure\identity\_internal\decorators.py", line 75, in wrapper
    return fn(*args, **kwargs)
  File "C:\Users\mstan\OneDrive\Dokumenty\GitHub\2024-25d-fai2-adsai-group-nlp7\.venv\lib\site-packages\azure\identity\_internal\shared_token_cache.py", line 209, in _get_account
    raise CredentialUnavailableError(message=NO_ACCOUNTS)
azure.identity._exceptions.CredentialUnavailableError: SharedTokenCacheCredential authentication unavailable. No accounts were found in the cache.
2025-06-27 01:21:07,200 - azure.identity._credentials.azure_cli - DEBUG - Executing subprocess with the following arguments ['C:\\Program Files (x86)\\Microsoft SDKs\\Azure\\CLI2\\wbin\\az.CMD', 'account', 'get-access-token', '--output', 'json', '--resource', 'https://management.azure.com']
2025-06-27 01:21:08,804 - azure.identity._internal.decorators - DEBUG - AzureCliCredential.get_token_info succeeded
2025-06-27 01:21:08,806 - azure.identity._internal.decorators - DEBUG - [Authenticated account] Client ID: 04b07795-8ddb-461a-bbee-02f9e1bf7b46. Tenant ID: 0a33589b-0036-4fe8-a829-3ed0926af886. User Principal Name: 231648@buas.nl. Object ID (user): 1da7aac3-d86e-4699-ada1-b27111ba4073
2025-06-27 01:21:08,806 - azure.identity._credentials.chained - INFO - DefaultAzureCredential acquired a token from AzureCliCredential
2025-06-27 01:21:08,806 - azure.core.pipeline.policies.http_logging_policy - INFO - Request URL: 'https://management.azure.com/subscriptions/0a94de80-6d3b-49f2-b3e9-ec5818862801/resourceGroups/buas-y2/providers/Microsoft.MachineLearningServices/workspaces/NLP7-2025/onlineEndpoints/emotion-endpoint-v2?api-version=REDACTED'
Request method: 'GET'
Request headers:
    'Accept': 'application/json'
    'x-ms-client-request-id': '3c09ff51-52e4-11f0-a497-7c214a408d59'
    'User-Agent': 'azure-ai-ml/1.27.1 azsdk-python-mgmt-machinelearningservices/0.1.0 Python/3.10.16 (Windows-10-10.0.26100-SP0)'
    'Authorization': 'REDACTED'
No body was attached to the request
2025-06-27 01:21:09,180 - azure.core.pipeline.policies.http_logging_policy - INFO - Response status: 200
Response headers:
    'Cache-Control': 'no-cache'
    'Pragma': 'no-cache'
    'Content-Length': '1824'
    'Content-Type': 'application/json; charset=utf-8'
    'Expires': '-1'
    'Vary': 'REDACTED'
    'x-ms-ratelimit-remaining-subscription-global-reads': 'REDACTED'
    'x-ms-ratelimit-remaining-subscription-reads': '249'
    'Request-Context': 'REDACTED'
    'x-ms-response-type': 'REDACTED'
    'Strict-Transport-Security': 'REDACTED'
    'X-Content-Type-Options': 'REDACTED'
    'azureml-served-by-cluster': 'REDACTED'
    'x-request-time': 'REDACTED'
    'x-ms-request-id': '3ff200ea-00bf-4887-ba53-488d88be7f13'
    'x-ms-correlation-request-id': 'REDACTED'
    'x-ms-routing-request-id': 'REDACTED'
    'X-Cache': 'REDACTED'
    'X-MSEdge-Ref': 'Ref A: 399A4307B4FF4EA88C3CFBF5F7C17FF9 Ref B: AMS231022012017 Ref C: 2025-06-26T23:21:13Z'
    'Date': 'Thu, 26 Jun 2025 23:21:12 GMT'
2025-06-27 01:21:09,186 - azure.core.pipeline.policies.http_logging_policy - INFO - Request URL: 'https://management.azure.com/subscriptions/0a94de80-6d3b-49f2-b3e9-ec5818862801/resourceGroups/buas-y2/providers/Microsoft.MachineLearningServices/workspaces/NLP7-2025/onlineEndpoints/emotion-endpoint-v2/deployments?api-version=REDACTED'
Request method: 'GET'
Request headers:
    'Accept': 'application/json'
    'x-ms-client-request-id': '3dd4d3f4-52e4-11f0-a865-7c214a408d59'
    'User-Agent': 'azure-ai-ml/1.27.1 azsdk-python-mgmt-machinelearningservices/0.1.0 Python/3.10.16 (Windows-10-10.0.26100-SP0)'
    'Authorization': 'REDACTED'
No body was attached to the request
2025-06-27 01:21:09,582 - azure.core.pipeline.policies.http_logging_policy - INFO - Response status: 200
Response headers:
    'Cache-Control': 'no-cache'
    'Pragma': 'no-cache'
    'Content-Length': '2673'
    'Content-Type': 'application/json; charset=utf-8'
    'Expires': '-1'
    'Vary': 'REDACTED'
    'x-ms-original-request-ids': 'REDACTED'
    'Request-Context': 'REDACTED'
    'x-ms-response-type': 'REDACTED'
    'Strict-Transport-Security': 'REDACTED'
    'X-Content-Type-Options': 'REDACTED'
    'azureml-served-by-cluster': 'REDACTED'
    'x-request-time': 'REDACTED'
    'x-ms-ratelimit-remaining-subscription-reads': '249'
    'x-ms-ratelimit-remaining-subscription-global-reads': 'REDACTED'
    'x-ms-request-id': 'e1c5f89c-4be5-43a4-9adc-36e849acedc2'
    'x-ms-correlation-request-id': 'REDACTED'
    'x-ms-routing-request-id': 'REDACTED'
    'X-Cache': 'REDACTED'
    'X-MSEdge-Ref': 'Ref A: 08FC7027ADEB44BCBE1492F1BB17E96B Ref B: AMS231022012017 Ref C: 2025-06-26T23:21:13Z'
    'Date': 'Thu, 26 Jun 2025 23:21:13 GMT'
2025-06-27 01:21:09,589 - azure.identity._credentials.azure_cli - DEBUG - Executing subprocess with the following arguments ['C:\\Program Files (x86)\\Microsoft SDKs\\Azure\\CLI2\\wbin\\az.CMD', 'account', 'get-access-token', '--output', 'json', '--resource', 'https://management.azure.com']
2025-06-27 01:21:11,294 - azure.identity._internal.decorators - INFO - AzureCliCredential.get_token_info succeeded
2025-06-27 01:21:11,310 - azure.identity._internal.decorators - DEBUG - [Authenticated account] Client ID: 04b07795-8ddb-461a-bbee-02f9e1bf7b46. Tenant ID: 0a33589b-0036-4fe8-a829-3ed0926af886. User Principal Name: 231648@buas.nl. Object ID (user): 1da7aac3-d86e-4699-ada1-b27111ba4073
2025-06-27 01:21:11,312 - azure.identity._credentials.default - INFO - DefaultAzureCredential acquired a token from AzureCliCredential
2025-06-27 01:21:11,349 - azure.core.pipeline.policies.http_logging_policy - INFO - Request URL: 'https://management.azure.com/subscriptions/0a94de80-6d3b-49f2-b3e9-ec5818862801/resourceGroups/buas-y2/providers/Microsoft.MachineLearningServices/workspaces/NLP7-2025/models/Emotion-classification-full/versions?api-version=REDACTED&listViewType=REDACTED'
Request method: 'GET'
Request headers:
    'Accept': 'application/json'
    'x-ms-client-request-id': '3e11b57f-52e4-11f0-8d2d-7c214a408d59'
    'User-Agent': 'azure-ai-ml/1.27.1 azsdk-python-mgmt-machinelearningservices/0.1.0 Python/3.10.16 (Windows-10-10.0.26100-SP0)'
    'Authorization': 'REDACTED'
No body was attached to the request
2025-06-27 01:21:11,846 - azure.core.pipeline.policies.http_logging_policy - INFO - Response status: 200
Response headers:
    'Cache-Control': 'no-cache'
    'Pragma': 'no-cache'
    'Content-Length': '17'
    'Content-Type': 'application/json; charset=utf-8'
    'Expires': '-1'
    'x-ms-operation-identifier': 'REDACTED'
    'Request-Context': 'REDACTED'
    'x-ms-response-type': 'REDACTED'
    'Strict-Transport-Security': 'REDACTED'
    'X-Content-Type-Options': 'REDACTED'
    'azureml-served-by-cluster': 'REDACTED'
    'x-request-time': 'REDACTED'
    'x-ms-ratelimit-remaining-subscription-reads': '249'
    'x-ms-ratelimit-remaining-subscription-global-reads': 'REDACTED'
    'x-ms-request-id': 'b4b3ba2c-7a19-40ea-8496-203882259b11'
    'x-ms-correlation-request-id': 'REDACTED'
    'x-ms-routing-request-id': 'REDACTED'
    'X-Cache': 'REDACTED'
    'X-MSEdge-Ref': 'Ref A: 026A7BA3894247CAA6F231488121865B Ref B: AMS231032609033 Ref C: 2025-06-26T23:21:15Z'
    'Date': 'Thu, 26 Jun 2025 23:21:15 GMT'
2025-06-27 01:21:11,848 - azure.core.pipeline.policies.http_logging_policy - INFO - Request URL: 'https://management.azure.com/subscriptions/0a94de80-6d3b-49f2-b3e9-ec5818862801/resourceGroups/buas-y2/providers/Microsoft.MachineLearningServices/workspaces/NLP7-2025/models/Emotion-classification/versions?api-version=REDACTED&listViewType=REDACTED'
Request method: 'GET'
Request headers:
    'Accept': 'application/json'
    'x-ms-client-request-id': '3f6b0494-52e4-11f0-beec-7c214a408d59'
    'User-Agent': 'azure-ai-ml/1.27.1 azsdk-python-mgmt-machinelearningservices/0.1.0 Python/3.10.16 (Windows-10-10.0.26100-SP0)'
    'Authorization': 'REDACTED'
No body was attached to the request
2025-06-27 01:21:12,155 - azure.core.pipeline.policies.http_logging_policy - INFO - Response status: 200
Response headers:
    'Cache-Control': 'no-cache'
    'Pragma': 'no-cache'
    'Content-Length': '3927'
    'Content-Type': 'application/json; charset=utf-8'
    'Expires': '-1'
    'Vary': 'REDACTED'
    'x-ms-ratelimit-remaining-subscription-reads': '249'
    'x-ms-operation-identifier': 'REDACTED'
    'Request-Context': 'REDACTED'
    'x-ms-response-type': 'REDACTED'
    'Strict-Transport-Security': 'REDACTED'
    'X-Content-Type-Options': 'REDACTED'
    'azureml-served-by-cluster': 'REDACTED'
    'x-request-time': 'REDACTED'
    'x-ms-ratelimit-remaining-subscription-global-reads': 'REDACTED'
    'x-ms-request-id': '09095e70-1e89-4f97-8cb7-174f0a60ccfc'
    'x-ms-correlation-request-id': 'REDACTED'
    'x-ms-routing-request-id': 'REDACTED'
    'X-Cache': 'REDACTED'
    'X-MSEdge-Ref': 'Ref A: 8168CA42524F45CFABA532408475B4B2 Ref B: AMS231032609033 Ref C: 2025-06-26T23:21:16Z'
    'Date': 'Thu, 26 Jun 2025 23:21:15 GMT'
2025-06-27 01:21:12,163 - azure.identity._credentials.azure_cli - DEBUG - Executing subprocess with the following arguments ['C:\\Program Files (x86)\\Microsoft SDKs\\Azure\\CLI2\\wbin\\az.CMD', 'account', 'get-access-token', '--output', 'json', '--resource', 'https://management.azure.com']
2025-06-27 01:21:14,294 - azure.identity._internal.decorators - INFO - AzureCliCredential.get_token_info succeeded
2025-06-27 01:21:14,295 - azure.identity._internal.decorators - DEBUG - [Authenticated account] Client ID: 04b07795-8ddb-461a-bbee-02f9e1bf7b46. Tenant ID: 0a33589b-0036-4fe8-a829-3ed0926af886. User Principal Name: 231648@buas.nl. Object ID (user): 1da7aac3-d86e-4699-ada1-b27111ba4073
2025-06-27 01:21:14,296 - azure.identity._credentials.default - INFO - DefaultAzureCredential acquired a token from AzureCliCredential
2025-06-27 01:21:14,297 - azure.core.pipeline.policies.http_logging_policy - INFO - Request URL: 'https://management.azure.com/subscriptions/0a94de80-6d3b-49f2-b3e9-ec5818862801/resourceGroups/buas-y2/providers/Microsoft.MachineLearningServices/workspaces/NLP7-2025/environments/nlp7-inference-env/versions?api-version=REDACTED&listViewType=REDACTED'
Request method: 'GET'
Request headers:
    'Accept': 'application/json'
    'x-ms-client-request-id': '3f9a895f-52e4-11f0-a9f2-7c214a408d59'
    'User-Agent': 'azure-ai-ml/1.27.1 azsdk-python-mgmt-machinelearningservices/0.1.0 Python/3.10.16 (Windows-10-10.0.26100-SP0)'
    'Authorization': 'REDACTED'
No body was attached to the request
2025-06-27 01:21:14,683 - azure.core.pipeline.policies.http_logging_policy - INFO - Response status: 404
Response headers:
    'Cache-Control': 'no-cache'
    'Pragma': 'no-cache'
    'Content-Length': '824'
    'Content-Type': 'application/json; charset=utf-8'
    'Expires': '-1'
    'Vary': 'REDACTED'
    'x-ms-ratelimit-remaining-subscription-reads': '249'
    'x-ms-operation-identifier': 'REDACTED'
    'Request-Context': 'REDACTED'
    'x-ms-response-type': 'REDACTED'
    'Strict-Transport-Security': 'REDACTED'
    'X-Content-Type-Options': 'REDACTED'
    'azureml-served-by-cluster': 'REDACTED'
    'x-request-time': 'REDACTED'
    'x-ms-ratelimit-remaining-subscription-global-reads': 'REDACTED'
    'x-ms-request-id': '0b6af863-0d70-41ee-9715-dcf6b7b7b883'
    'x-ms-correlation-request-id': 'REDACTED'
    'x-ms-routing-request-id': 'REDACTED'
    'X-Cache': 'REDACTED'
    'X-MSEdge-Ref': 'Ref A: 077820D00FFB4E5C9A20B5CFD36ECEFA Ref B: AMS231020512023 Ref C: 2025-06-26T23:21:18Z'
    'Date': 'Thu, 26 Jun 2025 23:21:18 GMT'
2025-06-27 01:27:10,336 - src.app.API_main - DEBUG - FastAPI app initialized
2025-06-27 01:27:10,343 - src.app.API_main - DEBUG - Mounting '/output' static file directory for CSV access
2025-06-27 01:27:10,343 - src.app.API_main - INFO - API server initialized and ready to receive requests.
2025-06-27 01:27:14,493 - azure.ai.ml._azure_environments - DEBUG - Using the default cloud configuration: 'AzureCloud'.
2025-06-27 01:27:19,997 - azure.ai.ml._azure_environments - DEBUG - Using the default cloud configuration: 'AzureCloud'.
2025-06-27 01:27:19,999 - azure.ai.ml._azure_environments - DEBUG - Using the default cloud configuration: 'AzureCloud'.
2025-06-27 01:27:24,724 - azure.identity._credentials.environment - INFO - No environment configuration found.
2025-06-27 01:27:24,736 - azure.identity._credentials.managed_identity - INFO - ManagedIdentityCredential will use IMDS
2025-06-27 01:27:26,272 - azure.core.pipeline.policies.http_logging_policy - INFO - Request URL: 'http://169.254.169.254/metadata/identity/oauth2/token?api-version=REDACTED&resource=REDACTED'
Request method: 'GET'
Request headers:
    'User-Agent': 'azsdk-python-identity/1.23.0 Python/3.10.16 (Windows-10-10.0.26100-SP0)'
No body was attached to the request
2025-06-27 01:27:29,300 - azure.identity._credentials.chained - INFO - DefaultAzureCredential acquired a token from AzureCliCredential
2025-06-27 01:27:29,303 - azure.core.pipeline.policies.http_logging_policy - INFO - Request URL: 'https://management.azure.com/subscriptions/0a94de80-6d3b-49f2-b3e9-ec5818862801/resourceGroups/buas-y2/providers/Microsoft.MachineLearningServices/workspaces/NLP7-2025/models/Emotion-classification/versions?api-version=REDACTED&listViewType=REDACTED'
Request method: 'GET'
Request headers:
    'Accept': 'application/json'
    'x-ms-client-request-id': '1e9787a4-52e5-11f0-bcff-7c214a408d59'
    'User-Agent': 'azure-ai-ml/1.27.1 azsdk-python-mgmt-machinelearningservices/0.1.0 Python/3.10.16 (Windows-10-10.0.26100-SP0)'
    'Authorization': 'REDACTED'
No body was attached to the request
2025-06-27 01:27:29,865 - azure.core.pipeline.policies.http_logging_policy - INFO - Response status: 200
Response headers:
    'Cache-Control': 'no-cache'
    'Pragma': 'no-cache'
    'Content-Length': '3927'
    'Content-Type': 'application/json; charset=utf-8'
    'Expires': '-1'
    'Vary': 'REDACTED'
    'x-ms-ratelimit-remaining-subscription-reads': '249'
    'x-ms-operation-identifier': 'REDACTED'
    'Request-Context': 'REDACTED'
    'x-ms-response-type': 'REDACTED'
    'Strict-Transport-Security': 'REDACTED'
    'X-Content-Type-Options': 'REDACTED'
    'azureml-served-by-cluster': 'REDACTED'
    'x-request-time': 'REDACTED'
    'x-ms-ratelimit-remaining-subscription-global-reads': 'REDACTED'
    'x-ms-request-id': '366aafeb-e873-45c4-a457-0fbe35211ee8'
    'x-ms-correlation-request-id': 'REDACTED'
    'x-ms-routing-request-id': 'REDACTED'
    'X-Cache': 'REDACTED'
    'X-MSEdge-Ref': 'Ref A: 7283A83519004C48B721F4BC7B06C361 Ref B: AMS231020615027 Ref C: 2025-06-26T23:27:33Z'
    'Date': 'Thu, 26 Jun 2025 23:27:33 GMT'
2025-06-27 01:27:31,804 - azure.identity._internal.decorators - INFO - AzureCliCredential.get_token_info succeeded
2025-06-27 01:27:31,808 - azure.identity._credentials.default - INFO - DefaultAzureCredential acquired a token from AzureCliCredential
2025-06-27 01:27:31,812 - azure.core.pipeline.policies.http_logging_policy - INFO - Request URL: 'https://management.azure.com/subscriptions/0a94de80-6d3b-49f2-b3e9-ec5818862801/resourceGroups/buas-y2/providers/Microsoft.MachineLearningServices/workspaces/NLP7-2025/environments/nlp7-emotion-env/versions/32?api-version=REDACTED'
Request method: 'GET'
Request headers:
    'Accept': 'application/json'
    'x-ms-client-request-id': '20bea672-52e5-11f0-8352-7c214a408d59'
    'User-Agent': 'azure-ai-ml/1.27.1 azsdk-python-mgmt-machinelearningservices/0.1.0 Python/3.10.16 (Windows-10-10.0.26100-SP0)'
    'Authorization': 'REDACTED'
No body was attached to the request
2025-06-27 01:27:32,672 - azure.core.pipeline.policies.http_logging_policy - INFO - Response status: 200
Response headers:
    'Cache-Control': 'no-cache'
    'Pragma': 'no-cache'
    'Content-Length': '3925'
    'Content-Type': 'application/json; charset=utf-8'
    'Expires': '-1'
    'Vary': 'REDACTED'
    'x-ms-ratelimit-remaining-subscription-reads': '249'
    'x-ms-operation-identifier': 'REDACTED'
    'Request-Context': 'REDACTED'
    'x-ms-response-type': 'REDACTED'
    'Strict-Transport-Security': 'REDACTED'
    'X-Content-Type-Options': 'REDACTED'
    'azureml-served-by-cluster': 'REDACTED'
    'x-request-time': 'REDACTED'
    'x-ms-ratelimit-remaining-subscription-global-reads': 'REDACTED'
    'x-ms-request-id': 'd28b05bc-3a57-4a5a-bd53-cce4225c3696'
    'x-ms-correlation-request-id': 'REDACTED'
    'x-ms-routing-request-id': 'REDACTED'
    'X-Cache': 'REDACTED'
    'X-MSEdge-Ref': 'Ref A: 5C19DC1CAA7C4B9185EC158B38650C90 Ref B: AMS231020512031 Ref C: 2025-06-26T23:27:36Z'
    'Date': 'Thu, 26 Jun 2025 23:27:36 GMT'
2025-06-27 01:27:32,694 - azure.identity._credentials.environment - INFO - No environment configuration found.
2025-06-27 01:27:32,697 - azure.identity._credentials.managed_identity - INFO - ManagedIdentityCredential will use IMDS
2025-06-27 01:27:32,726 - azure.core.pipeline.policies.http_logging_policy - INFO - Request URL: 'http://169.254.169.254/metadata/identity/oauth2/token?api-version=REDACTED&resource=REDACTED'
Request method: 'GET'
Request headers:
    'User-Agent': 'azsdk-python-identity/1.23.0 Python/3.10.16 (Windows-10-10.0.26100-SP0)'
No body was attached to the request
2025-06-27 01:27:35,645 - azure.identity._credentials.chained - INFO - DefaultAzureCredential acquired a token from AzureCliCredential
2025-06-27 01:27:35,647 - azure.core.pipeline.policies.http_logging_policy - INFO - Request URL: 'https://management.azure.com/subscriptions/0a94de80-6d3b-49f2-b3e9-ec5818862801/resourceGroups/buas-y2/providers/Microsoft.MachineLearningServices/workspaces/NLP7-2025/onlineEndpoints/emotion-endpoint-v2?api-version=REDACTED'
Request method: 'GET'
Request headers:
    'Accept': 'application/json'
    'x-ms-client-request-id': '227056b1-52e5-11f0-81ab-7c214a408d59'
    'User-Agent': 'azure-ai-ml/1.27.1 azsdk-python-mgmt-machinelearningservices/0.1.0 Python/3.10.16 (Windows-10-10.0.26100-SP0)'
    'Authorization': 'REDACTED'
No body was attached to the request
2025-06-27 01:27:35,987 - azure.core.pipeline.policies.http_logging_policy - INFO - Response status: 200
Response headers:
    'Cache-Control': 'no-cache'
    'Pragma': 'no-cache'
    'Content-Length': '1824'
    'Content-Type': 'application/json; charset=utf-8'
    'Expires': '-1'
    'Vary': 'REDACTED'
    'x-ms-ratelimit-remaining-subscription-global-reads': 'REDACTED'
    'x-ms-ratelimit-remaining-subscription-reads': '249'
    'Request-Context': 'REDACTED'
    'x-ms-response-type': 'REDACTED'
    'Strict-Transport-Security': 'REDACTED'
    'X-Content-Type-Options': 'REDACTED'
    'azureml-served-by-cluster': 'REDACTED'
    'x-request-time': 'REDACTED'
    'x-ms-request-id': '1ec18ad7-08a4-4f79-8be5-ea844e36fc0b'
    'x-ms-correlation-request-id': 'REDACTED'
    'x-ms-routing-request-id': 'REDACTED'
    'X-Cache': 'REDACTED'
    'X-MSEdge-Ref': 'Ref A: 5A2F7184CE8F46B5B1859696C66817EE Ref B: AMS231020512027 Ref C: 2025-06-26T23:27:39Z'
    'Date': 'Thu, 26 Jun 2025 23:27:39 GMT'
2025-06-27 01:27:35,992 - azure.core.pipeline.policies.http_logging_policy - INFO - Request URL: 'https://management.azure.com/subscriptions/0a94de80-6d3b-49f2-b3e9-ec5818862801/resourceGroups/buas-y2/providers/Microsoft.MachineLearningServices/workspaces/NLP7-2025/onlineEndpoints/emotion-endpoint-v2/deployments?api-version=REDACTED'
Request method: 'GET'
Request headers:
    'Accept': 'application/json'
    'x-ms-client-request-id': '2462b3e0-52e5-11f0-946d-7c214a408d59'
    'User-Agent': 'azure-ai-ml/1.27.1 azsdk-python-mgmt-machinelearningservices/0.1.0 Python/3.10.16 (Windows-10-10.0.26100-SP0)'
    'Authorization': 'REDACTED'
No body was attached to the request
2025-06-27 01:27:36,276 - azure.core.pipeline.policies.http_logging_policy - INFO - Response status: 200
Response headers:
    'Cache-Control': 'no-cache'
    'Pragma': 'no-cache'
    'Content-Length': '2673'
    'Content-Type': 'application/json; charset=utf-8'
    'Expires': '-1'
    'Vary': 'REDACTED'
    'x-ms-original-request-ids': 'REDACTED'
    'Request-Context': 'REDACTED'
    'x-ms-response-type': 'REDACTED'
    'Strict-Transport-Security': 'REDACTED'
    'X-Content-Type-Options': 'REDACTED'
    'azureml-served-by-cluster': 'REDACTED'
    'x-request-time': 'REDACTED'
    'x-ms-ratelimit-remaining-subscription-reads': '249'
    'x-ms-ratelimit-remaining-subscription-global-reads': 'REDACTED'
    'x-ms-request-id': '163794b3-0fac-4cfe-a137-bd490732efe9'
    'x-ms-correlation-request-id': 'REDACTED'
    'x-ms-routing-request-id': 'REDACTED'
    'X-Cache': 'REDACTED'
    'X-MSEdge-Ref': 'Ref A: EE2BA7D5D5E14533A1623B05052419AA Ref B: AMS231020512027 Ref C: 2025-06-26T23:27:40Z'
    'Date': 'Thu, 26 Jun 2025 23:27:40 GMT'
2025-06-27 01:27:38,216 - azure.identity._internal.decorators - INFO - AzureCliCredential.get_token_info succeeded
2025-06-27 01:27:38,216 - azure.identity._credentials.default - INFO - DefaultAzureCredential acquired a token from AzureCliCredential
2025-06-27 01:27:38,219 - azure.core.pipeline.policies.http_logging_policy - INFO - Request URL: 'https://management.azure.com/subscriptions/0a94de80-6d3b-49f2-b3e9-ec5818862801/resourceGroups/buas-y2/providers/Microsoft.MachineLearningServices/workspaces/NLP7-2025/models/Emotion-classification-full/versions?api-version=REDACTED&listViewType=REDACTED'
Request method: 'GET'
Request headers:
    'Accept': 'application/json'
    'x-ms-client-request-id': '248e9944-52e5-11f0-9736-7c214a408d59'
    'User-Agent': 'azure-ai-ml/1.27.1 azsdk-python-mgmt-machinelearningservices/0.1.0 Python/3.10.16 (Windows-10-10.0.26100-SP0)'
    'Authorization': 'REDACTED'
No body was attached to the request
2025-06-27 01:27:38,604 - azure.core.pipeline.policies.http_logging_policy - INFO - Response status: 200
Response headers:
    'Cache-Control': 'no-cache'
    'Pragma': 'no-cache'
    'Content-Length': '17'
    'Content-Type': 'application/json; charset=utf-8'
    'Expires': '-1'
    'x-ms-operation-identifier': 'REDACTED'
    'Request-Context': 'REDACTED'
    'x-ms-response-type': 'REDACTED'
    'Strict-Transport-Security': 'REDACTED'
    'X-Content-Type-Options': 'REDACTED'
    'azureml-served-by-cluster': 'REDACTED'
    'x-request-time': 'REDACTED'
    'x-ms-ratelimit-remaining-subscription-reads': '249'
    'x-ms-ratelimit-remaining-subscription-global-reads': 'REDACTED'
    'x-ms-request-id': '57ba3c81-459d-48bc-95b3-b31e46fc5702'
    'x-ms-correlation-request-id': 'REDACTED'
    'x-ms-routing-request-id': 'REDACTED'
    'X-Cache': 'REDACTED'
    'X-MSEdge-Ref': 'Ref A: EF0044FD64A94B23A735CD891F72E41E Ref B: AMS231020512021 Ref C: 2025-06-26T23:27:42Z'
    'Date': 'Thu, 26 Jun 2025 23:27:42 GMT'
2025-06-27 01:27:38,607 - azure.core.pipeline.policies.http_logging_policy - INFO - Request URL: 'https://management.azure.com/subscriptions/0a94de80-6d3b-49f2-b3e9-ec5818862801/resourceGroups/buas-y2/providers/Microsoft.MachineLearningServices/workspaces/NLP7-2025/models/Emotion-classification/versions?api-version=REDACTED&listViewType=REDACTED'
Request method: 'GET'
Request headers:
    'Accept': 'application/json'
    'x-ms-client-request-id': '25f1d0cb-52e5-11f0-9a05-7c214a408d59'
    'User-Agent': 'azure-ai-ml/1.27.1 azsdk-python-mgmt-machinelearningservices/0.1.0 Python/3.10.16 (Windows-10-10.0.26100-SP0)'
    'Authorization': 'REDACTED'
No body was attached to the request
2025-06-27 01:27:39,024 - azure.core.pipeline.policies.http_logging_policy - INFO - Response status: 200
Response headers:
    'Cache-Control': 'no-cache'
    'Pragma': 'no-cache'
    'Content-Length': '3927'
    'Content-Type': 'application/json; charset=utf-8'
    'Expires': '-1'
    'Vary': 'REDACTED'
    'x-ms-ratelimit-remaining-subscription-reads': '249'
    'x-ms-operation-identifier': 'REDACTED'
    'Request-Context': 'REDACTED'
    'x-ms-response-type': 'REDACTED'
    'Strict-Transport-Security': 'REDACTED'
    'X-Content-Type-Options': 'REDACTED'
    'azureml-served-by-cluster': 'REDACTED'
    'x-request-time': 'REDACTED'
    'x-ms-ratelimit-remaining-subscription-global-reads': 'REDACTED'
    'x-ms-request-id': 'd0859746-8a93-4fd5-af50-f20af2373529'
    'x-ms-correlation-request-id': 'REDACTED'
    'x-ms-routing-request-id': 'REDACTED'
    'X-Cache': 'REDACTED'
    'X-MSEdge-Ref': 'Ref A: 24EEE321CAB14FABBCBD0F8DFC359AA1 Ref B: AMS231020512021 Ref C: 2025-06-26T23:27:42Z'
    'Date': 'Thu, 26 Jun 2025 23:27:42 GMT'
2025-06-27 01:27:40,950 - azure.identity._internal.decorators - INFO - AzureCliCredential.get_token_info succeeded
2025-06-27 01:27:40,953 - azure.identity._credentials.default - INFO - DefaultAzureCredential acquired a token from AzureCliCredential
2025-06-27 01:27:40,957 - azure.core.pipeline.policies.http_logging_policy - INFO - Request URL: 'https://management.azure.com/subscriptions/0a94de80-6d3b-49f2-b3e9-ec5818862801/resourceGroups/buas-y2/providers/Microsoft.MachineLearningServices/workspaces/NLP7-2025/environments/nlp7-inference-env/versions?api-version=REDACTED&listViewType=REDACTED'
Request method: 'GET'
Request headers:
    'Accept': 'application/json'
    'x-ms-client-request-id': '2631ff64-52e5-11f0-86f0-7c214a408d59'
    'User-Agent': 'azure-ai-ml/1.27.1 azsdk-python-mgmt-machinelearningservices/0.1.0 Python/3.10.16 (Windows-10-10.0.26100-SP0)'
    'Authorization': 'REDACTED'
No body was attached to the request
2025-06-27 01:27:41,478 - azure.core.pipeline.policies.http_logging_policy - INFO - Response status: 404
Response headers:
    'Cache-Control': 'no-cache'
    'Pragma': 'no-cache'
    'Content-Length': '824'
    'Content-Type': 'application/json; charset=utf-8'
    'Expires': '-1'
    'Vary': 'REDACTED'
    'x-ms-ratelimit-remaining-subscription-reads': '249'
    'x-ms-operation-identifier': 'REDACTED'
    'Request-Context': 'REDACTED'
    'x-ms-response-type': 'REDACTED'
    'Strict-Transport-Security': 'REDACTED'
    'X-Content-Type-Options': 'REDACTED'
    'azureml-served-by-cluster': 'REDACTED'
    'x-request-time': 'REDACTED'
    'x-ms-ratelimit-remaining-subscription-global-reads': 'REDACTED'
    'x-ms-request-id': 'fb472e98-f5c7-486c-815c-f8b991a7a8e3'
    'x-ms-correlation-request-id': 'REDACTED'
    'x-ms-routing-request-id': 'REDACTED'
    'X-Cache': 'REDACTED'
    'X-MSEdge-Ref': 'Ref A: E3C4CA3C2FBC4DD4A1DE85BCDA31E4ED Ref B: AMS231032607029 Ref C: 2025-06-26T23:27:45Z'
    'Date': 'Thu, 26 Jun 2025 23:27:45 GMT'
